2013/06/26 15:41:07 [error] [exception.CHttpException.404] exception 'CHttpException' with message 'The system is unable to find the requested action "register".' in D:\web\yii\framework\web\CController.php:483
Stack trace:
#0 D:\web\yii\framework\web\CController.php(270): CController->missingAction('register')
#1 D:\web\yii\framework\web\CWebApplication.php(282): CController->run('register')
#2 D:\web\yii\framework\web\CWebApplication.php(141): CWebApplication->runController('site/register')
#3 D:\web\yii\framework\base\CApplication.php(169): CWebApplication->processRequest()
#4 D:\web\bd\index.php(13): CApplication->run()
#5 {main}
REQUEST_URI=/index.php?r=site/register
HTTP_REFERER=http://www.blood.cn/index.php?r=site/index
---
2013/06/26 16:01:34 [error] [exception.CDbException] exception 'CDbException' with message 'CDbConnection failed to open the DB connection: SQLSTATE[42000] [1049] Unknown database 'bd'' in D:\web\yii\framework\db\CDbConnection.php:381
Stack trace:
#0 D:\web\yii\framework\db\CDbConnection.php(330): CDbConnection->open()
#1 D:\web\yii\framework\db\CDbConnection.php(308): CDbConnection->setActive(true)
#2 D:\web\yii\framework\base\CModule.php(387): CDbConnection->init()
#3 D:\web\yii\framework\base\CModule.php(103): CModule->getComponent('db')
#4 D:\web\yii\framework\gii\generators\model\ModelCode.php(57): CModule->__get('db')
#5 D:\web\yii\framework\web\CFormModel.php(39): ModelCode->init()
#6 D:\web\yii\framework\gii\CCodeGenerator.php(153): CFormModel->__construct()
#7 D:\web\yii\framework\gii\CCodeGenerator.php(63): CCodeGenerator->prepare()
#8 D:\web\yii\framework\web\actions\CInlineAction.php(49): CCodeGenerator->actionIndex()
#9 D:\web\yii\framework\web\CController.php(308): CInlineAction->runWithParams(Array)
#10 D:\web\yii\framework\web\CController.php(286): CController->runAction(Object(CInlineAction))
#11 D:\web\yii\framework\web\CController.php(265): CController->runActionWithFilters(Object(CInlineAction), Array)
#12 D:\web\yii\framework\web\CWebApplication.php(282): CController->run('')
#13 D:\web\yii\framework\web\CWebApplication.php(141): CWebApplication->runController('gii/model')
#14 D:\web\yii\framework\base\CApplication.php(169): CWebApplication->processRequest()
#15 D:\web\bd\index.php(13): CApplication->run()
#16 {main}
REQUEST_URI=/index.php?r=gii/model
HTTP_REFERER=http://www.blood.cn/index.php?r=gii/controller
---
2013/06/26 16:02:20 [error] [system.db.CDbCommand] CDbCommand::fetchAll() failed: SQLSTATE[42S02]: Base table or view not found: 1146 Table 'blood.user' doesn't exist. The SQL statement executed was: SHOW FULL COLUMNS FROM `user`.
in D:\web\bd\index.php (13)
2013/06/26 17:22:47 [error] [exception.CException] exception 'CException' with message 'Property "City.code" is not defined.' in D:\web\yii\framework\base\CComponent.php:130
Stack trace:
#0 D:\web\yii\framework\db\ar\CActiveRecord.php(143): CComponent->__get('code')
#1 D:\web\bd\protected\models\City.php(115): CActiveRecord->__get('code')
#2 D:\web\bd\protected\views\user\_form.php(56): City::getCity(1)
#3 D:\web\yii\framework\web\CBaseController.php(126): require('D:\web\bd\prote...')
#4 D:\web\yii\framework\web\CBaseController.php(95): CBaseController->renderInternal('D:\web\bd\prote...', Array, true)
#5 D:\web\yii\framework\web\CController.php(869): CBaseController->renderFile('D:\web\bd\prote...', Array, true)
#6 D:\web\bd\protected\views\user\create.php(18): CController->renderPartial('_form', Array)
#7 D:\web\yii\framework\web\CBaseController.php(126): require('D:\web\bd\prote...')
#8 D:\web\yii\framework\web\CBaseController.php(95): CBaseController->renderInternal('D:\web\bd\prote...', Array, true)
#9 D:\web\yii\framework\web\CController.php(869): CBaseController->renderFile('D:\web\bd\prote...', Array, true)
#10 D:\web\yii\framework\web\CController.php(782): CController->renderPartial('create', Array, true)
#11 D:\web\bd\protected\controllers\UserController.php(79): CController->render('create', Array)
#12 D:\web\yii\framework\web\actions\CInlineAction.php(49): UserController->actionCreate()
#13 D:\web\yii\framework\web\CController.php(308): CInlineAction->runWithParams(Array)
#14 D:\web\yii\framework\web\filters\CFilterChain.php(133): CController->runAction(Object(CInlineAction))
#15 D:\web\yii\framework\web\filters\CFilter.php(40): CFilterChain->run()
#16 D:\web\yii\framework\web\CController.php(1145): CFilter->filter(Object(CFilterChain))
#17 D:\web\yii\framework\web\filters\CInlineFilter.php(58): CController->filterAccessControl(Object(CFilterChain))
#18 D:\web\yii\framework\web\filters\CFilterChain.php(130): CInlineFilter->filter(Object(CFilterChain))
#19 D:\web\yii\framework\web\CController.php(291): CFilterChain->run()
#20 D:\web\yii\framework\web\CController.php(265): CController->runActionWithFilters(Object(CInlineAction), Array)
#21 D:\web\yii\framework\web\CWebApplication.php(282): CController->run('create')
#22 D:\web\yii\framework\web\CWebApplication.php(141): CWebApplication->runController('user/create')
#23 D:\web\yii\framework\base\CApplication.php(169): CWebApplication->processRequest()
#24 D:\web\bd\index.php(13): CApplication->run()
#25 {main}
REQUEST_URI=/index.php?r=user/create
---
2013/06/26 17:23:49 [error] [exception.CException] exception 'CException' with message 'Property "City.code" is not defined.' in D:\web\yii\framework\base\CComponent.php:130
Stack trace:
#0 D:\web\yii\framework\db\ar\CActiveRecord.php(143): CComponent->__get('code')
#1 D:\web\bd\protected\models\City.php(115): CActiveRecord->__get('code')
#2 D:\web\bd\protected\views\user\_form.php(56): City::getCity(1)
#3 D:\web\yii\framework\web\CBaseController.php(126): require('D:\web\bd\prote...')
#4 D:\web\yii\framework\web\CBaseController.php(95): CBaseController->renderInternal('D:\web\bd\prote...', Array, true)
#5 D:\web\yii\framework\web\CController.php(869): CBaseController->renderFile('D:\web\bd\prote...', Array, true)
#6 D:\web\bd\protected\views\user\create.php(18): CController->renderPartial('_form', Array)
#7 D:\web\yii\framework\web\CBaseController.php(126): require('D:\web\bd\prote...')
#8 D:\web\yii\framework\web\CBaseController.php(95): CBaseController->renderInternal('D:\web\bd\prote...', Array, true)
#9 D:\web\yii\framework\web\CController.php(869): CBaseController->renderFile('D:\web\bd\prote...', Array, true)
#10 D:\web\yii\framework\web\CController.php(782): CController->renderPartial('create', Array, true)
#11 D:\web\bd\protected\controllers\UserController.php(79): CController->render('create', Array)
#12 D:\web\yii\framework\web\actions\CInlineAction.php(49): UserController->actionCreate()
#13 D:\web\yii\framework\web\CController.php(308): CInlineAction->runWithParams(Array)
#14 D:\web\yii\framework\web\filters\CFilterChain.php(133): CController->runAction(Object(CInlineAction))
#15 D:\web\yii\framework\web\filters\CFilter.php(40): CFilterChain->run()
#16 D:\web\yii\framework\web\CController.php(1145): CFilter->filter(Object(CFilterChain))
#17 D:\web\yii\framework\web\filters\CInlineFilter.php(58): CController->filterAccessControl(Object(CFilterChain))
#18 D:\web\yii\framework\web\filters\CFilterChain.php(130): CInlineFilter->filter(Object(CFilterChain))
#19 D:\web\yii\framework\web\CController.php(291): CFilterChain->run()
#20 D:\web\yii\framework\web\CController.php(265): CController->runActionWithFilters(Object(CInlineAction), Array)
#21 D:\web\yii\framework\web\CWebApplication.php(282): CController->run('create')
#22 D:\web\yii\framework\web\CWebApplication.php(141): CWebApplication->runController('user/create')
#23 D:\web\yii\framework\base\CApplication.php(169): CWebApplication->processRequest()
#24 D:\web\bd\index.php(13): CApplication->run()
#25 {main}
REQUEST_URI=/index.php?r=user/create
---
2013/06/26 17:25:16 [error] [php] Invalid argument supplied for foreach() (D:\web\yii\framework\web\helpers\CHtml.php:2053)
Stack trace:
#0 D:\web\bd\protected\views\user\_form.php(56): CActiveForm->dropDownList()
#1 D:\web\yii\framework\web\CBaseController.php(126): require()
#2 D:\web\yii\framework\web\CBaseController.php(95): UserController->renderInternal()
#3 D:\web\yii\framework\web\CController.php(869): UserController->renderFile()
#4 D:\web\bd\protected\views\user\create.php(18): UserController->renderPartial()
#5 D:\web\yii\framework\web\CBaseController.php(126): require()
#6 D:\web\yii\framework\web\CBaseController.php(95): UserController->renderInternal()
#7 D:\web\yii\framework\web\CController.php(869): UserController->renderFile()
#8 D:\web\yii\framework\web\CController.php(782): UserController->renderPartial()
#9 D:\web\bd\protected\controllers\UserController.php(79): UserController->render()
#10 D:\web\yii\framework\web\actions\CInlineAction.php(49): UserController->actionCreate()
#11 D:\web\yii\framework\web\CController.php(308): CInlineAction->runWithParams()
#12 D:\web\yii\framework\web\filters\CFilterChain.php(133): UserController->runAction()
#13 D:\web\yii\framework\web\filters\CFilter.php(40): CFilterChain->run()
#14 D:\web\yii\framework\web\CController.php(1145): CAccessControlFilter->filter()
#15 D:\web\yii\framework\web\filters\CInlineFilter.php(58): UserController->filterAccessControl()
#16 D:\web\yii\framework\web\filters\CFilterChain.php(130): CInlineFilter->filter()
#17 D:\web\yii\framework\web\CController.php(291): CFilterChain->run()
#18 D:\web\yii\framework\web\CController.php(265): UserController->runActionWithFilters()
#19 D:\web\yii\framework\web\CWebApplication.php(282): UserController->run()
#20 D:\web\yii\framework\web\CWebApplication.php(141): CWebApplication->runController()
#21 D:\web\yii\framework\base\CApplication.php(169): CWebApplication->processRequest()
#22 D:\web\bd\index.php(13): CWebApplication->run()
REQUEST_URI=/index.php?r=user/create
in D:\web\bd\protected\views\user\_form.php (56)
in D:\web\bd\protected\views\user\create.php (18)
in D:\web\bd\protected\controllers\UserController.php (79)
2013/06/26 17:32:38 [error] [php] Undefined variable: _items (D:\web\bd\protected\models\Lookup.php:101)
Stack trace:
#0 D:\web\yii\framework\web\CBaseController.php(95): UserController->renderInternal()
#1 D:\web\yii\framework\web\CController.php(869): UserController->renderFile()
#2 D:\web\bd\protected\views\user\create.php(18): UserController->renderPartial()
#3 D:\web\yii\framework\web\CBaseController.php(126): require()
#4 D:\web\yii\framework\web\CBaseController.php(95): UserController->renderInternal()
#5 D:\web\yii\framework\web\CController.php(869): UserController->renderFile()
#6 D:\web\yii\framework\web\CController.php(782): UserController->renderPartial()
#7 D:\web\bd\protected\controllers\UserController.php(79): UserController->render()
#8 D:\web\yii\framework\web\actions\CInlineAction.php(49): UserController->actionCreate()
#9 D:\web\yii\framework\web\CController.php(308): CInlineAction->runWithParams()
#10 D:\web\yii\framework\web\filters\CFilterChain.php(133): UserController->runAction()
#11 D:\web\yii\framework\web\filters\CFilter.php(40): CFilterChain->run()
#12 D:\web\yii\framework\web\CController.php(1145): CAccessControlFilter->filter()
#13 D:\web\yii\framework\web\filters\CInlineFilter.php(58): UserController->filterAccessControl()
#14 D:\web\yii\framework\web\filters\CFilterChain.php(130): CInlineFilter->filter()
#15 D:\web\yii\framework\web\CController.php(291): CFilterChain->run()
#16 D:\web\yii\framework\web\CController.php(265): UserController->runActionWithFilters()
#17 D:\web\yii\framework\web\CWebApplication.php(282): UserController->run()
#18 D:\web\yii\framework\web\CWebApplication.php(141): CWebApplication->runController()
#19 D:\web\yii\framework\base\CApplication.php(169): CWebApplication->processRequest()
#20 D:\web\bd\index.php(13): CWebApplication->run()
REQUEST_URI=/index.php?r=user/create
in D:\web\bd\protected\models\Lookup.php (101)
in D:\web\bd\protected\views\user\_form.php (20)
in D:\web\bd\protected\views\user\create.php (18)
2013/06/26 20:44:15 [error] [php] Undefined index: isajax (D:\web\bd\protected\controllers\UserController.php:65)
Stack trace:
#0 D:\web\yii\framework\web\filters\CFilterChain.php(133): UserController->runAction()
#1 D:\web\yii\framework\web\filters\CFilter.php(40): CFilterChain->run()
#2 D:\web\yii\framework\web\CController.php(1145): CAccessControlFilter->filter()
#3 D:\web\yii\framework\web\filters\CInlineFilter.php(58): UserController->filterAccessControl()
#4 D:\web\yii\framework\web\filters\CFilterChain.php(130): CInlineFilter->filter()
#5 D:\web\yii\framework\web\CController.php(291): CFilterChain->run()
#6 D:\web\yii\framework\web\CController.php(265): UserController->runActionWithFilters()
#7 D:\web\yii\framework\web\CWebApplication.php(282): UserController->run()
#8 D:\web\yii\framework\web\CWebApplication.php(141): CWebApplication->runController()
#9 D:\web\yii\framework\base\CApplication.php(169): CWebApplication->processRequest()
#10 D:\web\bd\index.php(13): CWebApplication->run()
REQUEST_URI=/index.php?r=user/create
in D:\web\bd\protected\controllers\UserController.php (65)
in D:\web\bd\index.php (13)
2013/06/26 20:45:33 [error] [php] Undefined index: isajax (D:\web\bd\protected\controllers\UserController.php:65)
Stack trace:
#0 D:\web\yii\framework\web\filters\CFilterChain.php(133): UserController->runAction()
#1 D:\web\yii\framework\web\filters\CFilter.php(40): CFilterChain->run()
#2 D:\web\yii\framework\web\CController.php(1145): CAccessControlFilter->filter()
#3 D:\web\yii\framework\web\filters\CInlineFilter.php(58): UserController->filterAccessControl()
#4 D:\web\yii\framework\web\filters\CFilterChain.php(130): CInlineFilter->filter()
#5 D:\web\yii\framework\web\CController.php(291): CFilterChain->run()
#6 D:\web\yii\framework\web\CController.php(265): UserController->runActionWithFilters()
#7 D:\web\yii\framework\web\CWebApplication.php(282): UserController->run()
#8 D:\web\yii\framework\web\CWebApplication.php(141): CWebApplication->runController()
#9 D:\web\yii\framework\base\CApplication.php(169): CWebApplication->processRequest()
#10 D:\web\bd\index.php(13): CWebApplication->run()
REQUEST_URI=/index.php?r=user/create
in D:\web\bd\protected\controllers\UserController.php (65)
in D:\web\bd\index.php (13)
2013/06/26 20:46:52 [error] [php] Undefined index: isajax (D:\web\bd\protected\controllers\UserController.php:65)
Stack trace:
#0 D:\web\yii\framework\web\filters\CFilterChain.php(133): UserController->runAction()
#1 D:\web\yii\framework\web\filters\CFilter.php(40): CFilterChain->run()
#2 D:\web\yii\framework\web\CController.php(1145): CAccessControlFilter->filter()
#3 D:\web\yii\framework\web\filters\CInlineFilter.php(58): UserController->filterAccessControl()
#4 D:\web\yii\framework\web\filters\CFilterChain.php(130): CInlineFilter->filter()
#5 D:\web\yii\framework\web\CController.php(291): CFilterChain->run()
#6 D:\web\yii\framework\web\CController.php(265): UserController->runActionWithFilters()
#7 D:\web\yii\framework\web\CWebApplication.php(282): UserController->run()
#8 D:\web\yii\framework\web\CWebApplication.php(141): CWebApplication->runController()
#9 D:\web\yii\framework\base\CApplication.php(169): CWebApplication->processRequest()
#10 D:\web\bd\index.php(13): CWebApplication->run()
REQUEST_URI=/index.php?r=user/create
in D:\web\bd\protected\controllers\UserController.php (65)
in D:\web\bd\index.php (13)
2013/06/26 20:47:51 [error] [php] Undefined index: isajax (D:\web\bd\protected\controllers\UserController.php:65)
Stack trace:
#0 D:\web\yii\framework\web\filters\CFilterChain.php(133): UserController->runAction()
#1 D:\web\yii\framework\web\filters\CFilter.php(40): CFilterChain->run()
#2 D:\web\yii\framework\web\CController.php(1145): CAccessControlFilter->filter()
#3 D:\web\yii\framework\web\filters\CInlineFilter.php(58): UserController->filterAccessControl()
#4 D:\web\yii\framework\web\filters\CFilterChain.php(130): CInlineFilter->filter()
#5 D:\web\yii\framework\web\CController.php(291): CFilterChain->run()
#6 D:\web\yii\framework\web\CController.php(265): UserController->runActionWithFilters()
#7 D:\web\yii\framework\web\CWebApplication.php(282): UserController->run()
#8 D:\web\yii\framework\web\CWebApplication.php(141): CWebApplication->runController()
#9 D:\web\yii\framework\base\CApplication.php(169): CWebApplication->processRequest()
#10 D:\web\bd\index.php(13): CWebApplication->run()
REQUEST_URI=/index.php?r=user/create
in D:\web\bd\protected\controllers\UserController.php (65)
in D:\web\bd\index.php (13)
2013/06/26 20:51:27 [error] [php] Undefined index: isajax (D:\web\bd\protected\controllers\UserController.php:65)
Stack trace:
#0 D:\web\yii\framework\web\filters\CFilterChain.php(133): UserController->runAction()
#1 D:\web\yii\framework\web\filters\CFilter.php(40): CFilterChain->run()
#2 D:\web\yii\framework\web\CController.php(1145): CAccessControlFilter->filter()
#3 D:\web\yii\framework\web\filters\CInlineFilter.php(58): UserController->filterAccessControl()
#4 D:\web\yii\framework\web\filters\CFilterChain.php(130): CInlineFilter->filter()
#5 D:\web\yii\framework\web\CController.php(291): CFilterChain->run()
#6 D:\web\yii\framework\web\CController.php(265): UserController->runActionWithFilters()
#7 D:\web\yii\framework\web\CWebApplication.php(282): UserController->run()
#8 D:\web\yii\framework\web\CWebApplication.php(141): CWebApplication->runController()
#9 D:\web\yii\framework\base\CApplication.php(169): CWebApplication->processRequest()
#10 D:\web\bd\index.php(13): CWebApplication->run()
REQUEST_URI=/index.php?r=user/create
in D:\web\bd\protected\controllers\UserController.php (65)
in D:\web\bd\index.php (13)
2013/06/26 20:53:33 [error] [php] Undefined index: parentid (D:\web\bd\protected\controllers\UserController.php:83)
Stack trace:
#0 D:\web\yii\framework\web\filters\CFilterChain.php(133): UserController->runAction()
#1 D:\web\yii\framework\web\filters\CFilter.php(40): CFilterChain->run()
#2 D:\web\yii\framework\web\CController.php(1145): CAccessControlFilter->filter()
#3 D:\web\yii\framework\web\filters\CInlineFilter.php(58): UserController->filterAccessControl()
#4 D:\web\yii\framework\web\filters\CFilterChain.php(130): CInlineFilter->filter()
#5 D:\web\yii\framework\web\CController.php(291): CFilterChain->run()
#6 D:\web\yii\framework\web\CController.php(265): UserController->runActionWithFilters()
#7 D:\web\yii\framework\web\CWebApplication.php(282): UserController->run()
#8 D:\web\yii\framework\web\CWebApplication.php(141): CWebApplication->runController()
#9 D:\web\yii\framework\base\CApplication.php(169): CWebApplication->processRequest()
#10 D:\web\bd\index.php(13): CWebApplication->run()
REQUEST_URI=/index.php?r=user/create
in D:\web\bd\protected\controllers\UserController.php (83)
in D:\web\bd\index.php (13)
2013/06/26 20:54:55 [error] [php] Missing argument 1 for City::items(), called in D:\web\bd\protected\controllers\UserController.php on line 84 and defined (D:\web\bd\protected\models\City.php:107)
Stack trace:
#0 D:\web\yii\framework\web\CController.php(308): CInlineAction->runWithParams()
#1 D:\web\yii\framework\web\filters\CFilterChain.php(133): UserController->runAction()
#2 D:\web\yii\framework\web\filters\CFilter.php(40): CFilterChain->run()
#3 D:\web\yii\framework\web\CController.php(1145): CAccessControlFilter->filter()
#4 D:\web\yii\framework\web\filters\CInlineFilter.php(58): UserController->filterAccessControl()
#5 D:\web\yii\framework\web\filters\CFilterChain.php(130): CInlineFilter->filter()
#6 D:\web\yii\framework\web\CController.php(291): CFilterChain->run()
#7 D:\web\yii\framework\web\CController.php(265): UserController->runActionWithFilters()
#8 D:\web\yii\framework\web\CWebApplication.php(282): UserController->run()
#9 D:\web\yii\framework\web\CWebApplication.php(141): CWebApplication->runController()
#10 D:\web\yii\framework\base\CApplication.php(169): CWebApplication->processRequest()
#11 D:\web\bd\index.php(13): CWebApplication->run()
REQUEST_URI=/index.php?r=user/create
in D:\web\bd\protected\models\City.php (107)
in D:\web\bd\protected\controllers\UserController.php (84)
in D:\web\bd\index.php (13)
2013/06/26 21:10:21 [error] [system.db.CDbCommand] CDbCommand::execute() failed: SQLSTATE[23000]: Integrity constraint violation: 1062 Duplicate entry '0' for key 'PRIMARY'. The SQL statement executed was: INSERT INTO `bd_user` (`sex`, `realname`, `nickname`, `age`, `phone`, `email`, `province`, `city`, `county`, `address`, `isill`) VALUES (:yp0, :yp1, :yp2, :yp3, :yp4, :yp5, :yp6, :yp7, :yp8, :yp9, :yp10).
in D:\web\bd\protected\controllers\UserController.php (75)
in D:\web\bd\index.php (13)
2013/06/26 21:10:21 [error] [exception.CDbException] exception 'CDbException' with message 'CDbCommand failed to execute the SQL statement: SQLSTATE[23000]: Integrity constraint violation: 1062 Duplicate entry '0' for key 'PRIMARY'. The SQL statement executed was: INSERT INTO `bd_user` (`sex`, `realname`, `nickname`, `age`, `phone`, `email`, `province`, `city`, `county`, `address`, `isill`) VALUES (:yp0, :yp1, :yp2, :yp3, :yp4, :yp5, :yp6, :yp7, :yp8, :yp9, :yp10)' in D:\web\yii\framework\db\CDbCommand.php:357
Stack trace:
#0 D:\web\yii\framework\db\ar\CActiveRecord.php(1023): CDbCommand->execute()
#1 D:\web\yii\framework\db\ar\CActiveRecord.php(795): CActiveRecord->insert(NULL)
#2 D:\web\bd\protected\controllers\UserController.php(75): CActiveRecord->save()
#3 D:\web\yii\framework\web\actions\CInlineAction.php(49): UserController->actionCreate()
#4 D:\web\yii\framework\web\CController.php(308): CInlineAction->runWithParams(Array)
#5 D:\web\yii\framework\web\filters\CFilterChain.php(133): CController->runAction(Object(CInlineAction))
#6 D:\web\yii\framework\web\filters\CFilter.php(40): CFilterChain->run()
#7 D:\web\yii\framework\web\CController.php(1145): CFilter->filter(Object(CFilterChain))
#8 D:\web\yii\framework\web\filters\CInlineFilter.php(58): CController->filterAccessControl(Object(CFilterChain))
#9 D:\web\yii\framework\web\filters\CFilterChain.php(130): CInlineFilter->filter(Object(CFilterChain))
#10 D:\web\yii\framework\web\CController.php(291): CFilterChain->run()
#11 D:\web\yii\framework\web\CController.php(265): CController->runActionWithFilters(Object(CInlineAction), Array)
#12 D:\web\yii\framework\web\CWebApplication.php(282): CController->run('create')
#13 D:\web\yii\framework\web\CWebApplication.php(141): CWebApplication->runController('user/create')
#14 D:\web\yii\framework\base\CApplication.php(169): CWebApplication->processRequest()
#15 D:\web\bd\index.php(13): CApplication->run()
#16 {main}
REQUEST_URI=/index.php?r=user/create
HTTP_REFERER=http://www.blood.cn/index.php?r=user/create
---
2013/06/26 21:10:25 [error] [system.db.CDbCommand] CDbCommand::execute() failed: SQLSTATE[23000]: Integrity constraint violation: 1062 Duplicate entry '0' for key 'PRIMARY'. The SQL statement executed was: INSERT INTO `bd_user` (`sex`, `realname`, `nickname`, `age`, `phone`, `email`, `province`, `city`, `county`, `address`, `isill`) VALUES (:yp0, :yp1, :yp2, :yp3, :yp4, :yp5, :yp6, :yp7, :yp8, :yp9, :yp10).
in D:\web\bd\protected\controllers\UserController.php (75)
in D:\web\bd\index.php (13)
2013/06/26 21:10:25 [error] [exception.CDbException] exception 'CDbException' with message 'CDbCommand failed to execute the SQL statement: SQLSTATE[23000]: Integrity constraint violation: 1062 Duplicate entry '0' for key 'PRIMARY'. The SQL statement executed was: INSERT INTO `bd_user` (`sex`, `realname`, `nickname`, `age`, `phone`, `email`, `province`, `city`, `county`, `address`, `isill`) VALUES (:yp0, :yp1, :yp2, :yp3, :yp4, :yp5, :yp6, :yp7, :yp8, :yp9, :yp10)' in D:\web\yii\framework\db\CDbCommand.php:357
Stack trace:
#0 D:\web\yii\framework\db\ar\CActiveRecord.php(1023): CDbCommand->execute()
#1 D:\web\yii\framework\db\ar\CActiveRecord.php(795): CActiveRecord->insert(NULL)
#2 D:\web\bd\protected\controllers\UserController.php(75): CActiveRecord->save()
#3 D:\web\yii\framework\web\actions\CInlineAction.php(49): UserController->actionCreate()
#4 D:\web\yii\framework\web\CController.php(308): CInlineAction->runWithParams(Array)
#5 D:\web\yii\framework\web\filters\CFilterChain.php(133): CController->runAction(Object(CInlineAction))
#6 D:\web\yii\framework\web\filters\CFilter.php(40): CFilterChain->run()
#7 D:\web\yii\framework\web\CController.php(1145): CFilter->filter(Object(CFilterChain))
#8 D:\web\yii\framework\web\filters\CInlineFilter.php(58): CController->filterAccessControl(Object(CFilterChain))
#9 D:\web\yii\framework\web\filters\CFilterChain.php(130): CInlineFilter->filter(Object(CFilterChain))
#10 D:\web\yii\framework\web\CController.php(291): CFilterChain->run()
#11 D:\web\yii\framework\web\CController.php(265): CController->runActionWithFilters(Object(CInlineAction), Array)
#12 D:\web\yii\framework\web\CWebApplication.php(282): CController->run('create')
#13 D:\web\yii\framework\web\CWebApplication.php(141): CWebApplication->runController('user/create')
#14 D:\web\yii\framework\base\CApplication.php(169): CWebApplication->processRequest()
#15 D:\web\bd\index.php(13): CApplication->run()
#16 {main}
REQUEST_URI=/index.php?r=user/create
HTTP_REFERER=http://www.blood.cn/index.php?r=user/create
---
2013/06/26 21:10:28 [error] [system.db.CDbCommand] CDbCommand::execute() failed: SQLSTATE[23000]: Integrity constraint violation: 1062 Duplicate entry '0' for key 'PRIMARY'. The SQL statement executed was: INSERT INTO `bd_user` (`sex`, `realname`, `nickname`, `age`, `phone`, `email`, `province`, `city`, `county`, `address`, `isill`) VALUES (:yp0, :yp1, :yp2, :yp3, :yp4, :yp5, :yp6, :yp7, :yp8, :yp9, :yp10).
in D:\web\bd\protected\controllers\UserController.php (75)
in D:\web\bd\index.php (13)
2013/06/26 21:10:28 [error] [exception.CDbException] exception 'CDbException' with message 'CDbCommand failed to execute the SQL statement: SQLSTATE[23000]: Integrity constraint violation: 1062 Duplicate entry '0' for key 'PRIMARY'. The SQL statement executed was: INSERT INTO `bd_user` (`sex`, `realname`, `nickname`, `age`, `phone`, `email`, `province`, `city`, `county`, `address`, `isill`) VALUES (:yp0, :yp1, :yp2, :yp3, :yp4, :yp5, :yp6, :yp7, :yp8, :yp9, :yp10)' in D:\web\yii\framework\db\CDbCommand.php:357
Stack trace:
#0 D:\web\yii\framework\db\ar\CActiveRecord.php(1023): CDbCommand->execute()
#1 D:\web\yii\framework\db\ar\CActiveRecord.php(795): CActiveRecord->insert(NULL)
#2 D:\web\bd\protected\controllers\UserController.php(75): CActiveRecord->save()
#3 D:\web\yii\framework\web\actions\CInlineAction.php(49): UserController->actionCreate()
#4 D:\web\yii\framework\web\CController.php(308): CInlineAction->runWithParams(Array)
#5 D:\web\yii\framework\web\filters\CFilterChain.php(133): CController->runAction(Object(CInlineAction))
#6 D:\web\yii\framework\web\filters\CFilter.php(40): CFilterChain->run()
#7 D:\web\yii\framework\web\CController.php(1145): CFilter->filter(Object(CFilterChain))
#8 D:\web\yii\framework\web\filters\CInlineFilter.php(58): CController->filterAccessControl(Object(CFilterChain))
#9 D:\web\yii\framework\web\filters\CFilterChain.php(130): CInlineFilter->filter(Object(CFilterChain))
#10 D:\web\yii\framework\web\CController.php(291): CFilterChain->run()
#11 D:\web\yii\framework\web\CController.php(265): CController->runActionWithFilters(Object(CInlineAction), Array)
#12 D:\web\yii\framework\web\CWebApplication.php(282): CController->run('create')
#13 D:\web\yii\framework\web\CWebApplication.php(141): CWebApplication->runController('user/create')
#14 D:\web\yii\framework\base\CApplication.php(169): CWebApplication->processRequest()
#15 D:\web\bd\index.php(13): CApplication->run()
#16 {main}
REQUEST_URI=/index.php?r=user/create
HTTP_REFERER=http://www.blood.cn/index.php?r=user/create
---
2013/06/26 21:11:22 [error] [system.db.CDbCommand] CDbCommand::execute() failed: SQLSTATE[23000]: Integrity constraint violation: 1062 Duplicate entry '0' for key 'PRIMARY'. The SQL statement executed was: INSERT INTO `bd_user` (`sex`, `realname`, `nickname`, `age`, `phone`, `email`, `province`, `city`, `county`, `address`, `isill`) VALUES (:yp0, :yp1, :yp2, :yp3, :yp4, :yp5, :yp6, :yp7, :yp8, :yp9, :yp10).
in D:\web\bd\protected\controllers\UserController.php (75)
in D:\web\bd\index.php (13)
2013/06/26 21:11:22 [error] [exception.CDbException] exception 'CDbException' with message 'CDbCommand failed to execute the SQL statement: SQLSTATE[23000]: Integrity constraint violation: 1062 Duplicate entry '0' for key 'PRIMARY'. The SQL statement executed was: INSERT INTO `bd_user` (`sex`, `realname`, `nickname`, `age`, `phone`, `email`, `province`, `city`, `county`, `address`, `isill`) VALUES (:yp0, :yp1, :yp2, :yp3, :yp4, :yp5, :yp6, :yp7, :yp8, :yp9, :yp10)' in D:\web\yii\framework\db\CDbCommand.php:357
Stack trace:
#0 D:\web\yii\framework\db\ar\CActiveRecord.php(1023): CDbCommand->execute()
#1 D:\web\yii\framework\db\ar\CActiveRecord.php(795): CActiveRecord->insert(NULL)
#2 D:\web\bd\protected\controllers\UserController.php(75): CActiveRecord->save()
#3 D:\web\yii\framework\web\actions\CInlineAction.php(49): UserController->actionCreate()
#4 D:\web\yii\framework\web\CController.php(308): CInlineAction->runWithParams(Array)
#5 D:\web\yii\framework\web\filters\CFilterChain.php(133): CController->runAction(Object(CInlineAction))
#6 D:\web\yii\framework\web\filters\CFilter.php(40): CFilterChain->run()
#7 D:\web\yii\framework\web\CController.php(1145): CFilter->filter(Object(CFilterChain))
#8 D:\web\yii\framework\web\filters\CInlineFilter.php(58): CController->filterAccessControl(Object(CFilterChain))
#9 D:\web\yii\framework\web\filters\CFilterChain.php(130): CInlineFilter->filter(Object(CFilterChain))
#10 D:\web\yii\framework\web\CController.php(291): CFilterChain->run()
#11 D:\web\yii\framework\web\CController.php(265): CController->runActionWithFilters(Object(CInlineAction), Array)
#12 D:\web\yii\framework\web\CWebApplication.php(282): CController->run('create')
#13 D:\web\yii\framework\web\CWebApplication.php(141): CWebApplication->runController('user/create')
#14 D:\web\yii\framework\base\CApplication.php(169): CWebApplication->processRequest()
#15 D:\web\bd\index.php(13): CApplication->run()
#16 {main}
REQUEST_URI=/index.php?r=user/create
HTTP_REFERER=http://www.blood.cn/index.php?r=user/create
---
2013/06/26 21:11:23 [error] [system.db.CDbCommand] CDbCommand::execute() failed: SQLSTATE[23000]: Integrity constraint violation: 1062 Duplicate entry '0' for key 'PRIMARY'. The SQL statement executed was: INSERT INTO `bd_user` (`sex`, `realname`, `nickname`, `age`, `phone`, `email`, `province`, `city`, `county`, `address`, `isill`) VALUES (:yp0, :yp1, :yp2, :yp3, :yp4, :yp5, :yp6, :yp7, :yp8, :yp9, :yp10).
in D:\web\bd\protected\controllers\UserController.php (75)
in D:\web\bd\index.php (13)
2013/06/26 21:11:23 [error] [exception.CDbException] exception 'CDbException' with message 'CDbCommand failed to execute the SQL statement: SQLSTATE[23000]: Integrity constraint violation: 1062 Duplicate entry '0' for key 'PRIMARY'. The SQL statement executed was: INSERT INTO `bd_user` (`sex`, `realname`, `nickname`, `age`, `phone`, `email`, `province`, `city`, `county`, `address`, `isill`) VALUES (:yp0, :yp1, :yp2, :yp3, :yp4, :yp5, :yp6, :yp7, :yp8, :yp9, :yp10)' in D:\web\yii\framework\db\CDbCommand.php:357
Stack trace:
#0 D:\web\yii\framework\db\ar\CActiveRecord.php(1023): CDbCommand->execute()
#1 D:\web\yii\framework\db\ar\CActiveRecord.php(795): CActiveRecord->insert(NULL)
#2 D:\web\bd\protected\controllers\UserController.php(75): CActiveRecord->save()
#3 D:\web\yii\framework\web\actions\CInlineAction.php(49): UserController->actionCreate()
#4 D:\web\yii\framework\web\CController.php(308): CInlineAction->runWithParams(Array)
#5 D:\web\yii\framework\web\filters\CFilterChain.php(133): CController->runAction(Object(CInlineAction))
#6 D:\web\yii\framework\web\filters\CFilter.php(40): CFilterChain->run()
#7 D:\web\yii\framework\web\CController.php(1145): CFilter->filter(Object(CFilterChain))
#8 D:\web\yii\framework\web\filters\CInlineFilter.php(58): CController->filterAccessControl(Object(CFilterChain))
#9 D:\web\yii\framework\web\filters\CFilterChain.php(130): CInlineFilter->filter(Object(CFilterChain))
#10 D:\web\yii\framework\web\CController.php(291): CFilterChain->run()
#11 D:\web\yii\framework\web\CController.php(265): CController->runActionWithFilters(Object(CInlineAction), Array)
#12 D:\web\yii\framework\web\CWebApplication.php(282): CController->run('create')
#13 D:\web\yii\framework\web\CWebApplication.php(141): CWebApplication->runController('user/create')
#14 D:\web\yii\framework\base\CApplication.php(169): CWebApplication->processRequest()
#15 D:\web\bd\index.php(13): CApplication->run()
#16 {main}
REQUEST_URI=/index.php?r=user/create
HTTP_REFERER=http://www.blood.cn/index.php?r=user/create
---
2013/06/26 22:20:34 [warning] [application] Failed to set unsafe attribute "password" of "User".
in D:\web\bd\protected\controllers\UserController.php (74)
in D:\web\bd\index.php (13)
2013/07/13 12:32:44 [error] [php] Non-static method Lookup::items() should not be called statically, assuming $this from incompatible context (D:\web\bd\protected\views\user\_form.php:20)
Stack trace:
#0 D:\web\yii\framework\web\CController.php(869): UserController->renderFile()
#1 D:\web\bd\protected\views\user\create.php(18): UserController->renderPartial()
#2 D:\web\yii\framework\web\CBaseController.php(126): require()
#3 D:\web\yii\framework\web\CBaseController.php(95): UserController->renderInternal()
#4 D:\web\yii\framework\web\CController.php(869): UserController->renderFile()
#5 D:\web\yii\framework\web\CController.php(782): UserController->renderPartial()
#6 D:\web\bd\protected\controllers\UserController.php(81): UserController->render()
#7 D:\web\yii\framework\web\actions\CInlineAction.php(49): UserController->actionCreate()
#8 D:\web\yii\framework\web\CController.php(308): CInlineAction->runWithParams()
#9 D:\web\yii\framework\web\filters\CFilterChain.php(133): UserController->runAction()
#10 D:\web\yii\framework\web\filters\CFilter.php(40): CFilterChain->run()
#11 D:\web\yii\framework\web\CController.php(1145): CAccessControlFilter->filter()
#12 D:\web\yii\framework\web\filters\CInlineFilter.php(58): UserController->filterAccessControl()
#13 D:\web\yii\framework\web\filters\CFilterChain.php(130): CInlineFilter->filter()
#14 D:\web\yii\framework\web\CController.php(291): CFilterChain->run()
#15 D:\web\yii\framework\web\CController.php(265): UserController->runActionWithFilters()
#16 D:\web\yii\framework\web\CWebApplication.php(282): UserController->run()
#17 D:\web\yii\framework\web\CWebApplication.php(141): CWebApplication->runController()
#18 D:\web\yii\framework\base\CApplication.php(169): CWebApplication->processRequest()
#19 D:\web\bd\index.php(13): CWebApplication->run()
REQUEST_URI=/index.php?r=user/create
in D:\web\bd\protected\views\user\_form.php (20)
in D:\web\bd\protected\views\user\create.php (18)
in D:\web\bd\protected\controllers\UserController.php (81)
2013/07/13 12:33:19 [error] [php] Non-static method Lookup::items() should not be called statically, assuming $this from incompatible context (D:\web\bd\protected\views\user\_form.php:20)
Stack trace:
#0 D:\web\yii\framework\web\CController.php(869): UserController->renderFile()
#1 D:\web\bd\protected\views\user\create.php(18): UserController->renderPartial()
#2 D:\web\yii\framework\web\CBaseController.php(126): require()
#3 D:\web\yii\framework\web\CBaseController.php(95): UserController->renderInternal()
#4 D:\web\yii\framework\web\CController.php(869): UserController->renderFile()
#5 D:\web\yii\framework\web\CController.php(782): UserController->renderPartial()
#6 D:\web\bd\protected\controllers\UserController.php(81): UserController->render()
#7 D:\web\yii\framework\web\actions\CInlineAction.php(49): UserController->actionCreate()
#8 D:\web\yii\framework\web\CController.php(308): CInlineAction->runWithParams()
#9 D:\web\yii\framework\web\filters\CFilterChain.php(133): UserController->runAction()
#10 D:\web\yii\framework\web\filters\CFilter.php(40): CFilterChain->run()
#11 D:\web\yii\framework\web\CController.php(1145): CAccessControlFilter->filter()
#12 D:\web\yii\framework\web\filters\CInlineFilter.php(58): UserController->filterAccessControl()
#13 D:\web\yii\framework\web\filters\CFilterChain.php(130): CInlineFilter->filter()
#14 D:\web\yii\framework\web\CController.php(291): CFilterChain->run()
#15 D:\web\yii\framework\web\CController.php(265): UserController->runActionWithFilters()
#16 D:\web\yii\framework\web\CWebApplication.php(282): UserController->run()
#17 D:\web\yii\framework\web\CWebApplication.php(141): CWebApplication->runController()
#18 D:\web\yii\framework\base\CApplication.php(169): CWebApplication->processRequest()
#19 D:\web\bd\index.php(13): CWebApplication->run()
REQUEST_URI=/index.php?r=user/create
in D:\web\bd\protected\views\user\_form.php (20)
in D:\web\bd\protected\views\user\create.php (18)
in D:\web\bd\protected\controllers\UserController.php (81)
